0 info it worked if it ends with ok
1 verbose cli [ 'C:\\ProgramData\\chocolatey\\lib\\Atom.0.120.0\\tools\\Atom\\resources\\app\\apm\\node_modules\\atom-package-manager\\bin\\\\node.exe',
1 verbose cli   'C:\\ProgramData\\chocolatey\\lib\\Atom.0.120.0\\tools\\Atom\\resources\\app\\apm\\node_modules\\atom-package-manager\\node_modules\\npm\\bin\\npm-cli.js',
1 verbose cli   '--globalconfig',
1 verbose cli   'C:\\ProgramData\\chocolatey\\lib\\Atom.0.120.0\\tools\\Atom\\resources\\app\\apm\\node_modules\\atom-package-manager\\.apmrc',
1 verbose cli   '--userconfig',
1 verbose cli   'C:\\Users\\bpolidor\\.atom\\.apmrc',
1 verbose cli   'install',
1 verbose cli   '--target=0.11.10',
1 verbose cli   '--arch=ia32',
1 verbose cli   '--msvs_version=2013' ]
2 info using npm@1.4.4
3 info using node@v0.10.26
4 verbose node symlink C:\ProgramData\chocolatey\lib\Atom.0.120.0\tools\Atom\resources\app\apm\node_modules\atom-package-manager\bin\\node.exe
5 error install Couldn't read dependencies
6 error package.json ENOENT, open 'C:\Users\bpolidor\package.json'
6 error package.json This is most likely not a problem with npm itself.
6 error package.json npm can't find a package.json file in your current directory.
7 error System Windows_NT 6.1.7601
8 error command "C:\\ProgramData\\chocolatey\\lib\\Atom.0.120.0\\tools\\Atom\\resources\\app\\apm\\node_modules\\atom-package-manager\\bin\\\\node.exe" "C:\\ProgramData\\chocolatey\\lib\\Atom.0.120.0\\tools\\Atom\\resources\\app\\apm\\node_modules\\atom-package-manager\\node_modules\\npm\\bin\\npm-cli.js" "--globalconfig" "C:\\ProgramData\\chocolatey\\lib\\Atom.0.120.0\\tools\\Atom\\resources\\app\\apm\\node_modules\\atom-package-manager\\.apmrc" "--userconfig" "C:\\Users\\bpolidor\\.atom\\.apmrc" "install" "--target=0.11.10" "--arch=ia32" "--msvs_version=2013"
9 error cwd C:\Users\bpolidor\projects\dfg-cpp
10 error node -v v0.10.26
11 error npm -v 1.4.4
12 error path C:\Users\bpolidor\package.json
13 error code ENOPACKAGEJSON
14 error errno 34
15 verbose exit [ 34, true ]
